INFO 2025-10-31 00:24:20,444 autoreload 34390 8539578688 Watching for file changes with StatReloader
INFO 2025-10-31 00:25:28,574 autoreload 34390 8539578688 /Users/david.galluzzo/source2target-app-v2/backend/mapping/views.py changed, reloading.
INFO 2025-10-31 00:25:28,817 autoreload 34473 8539578688 Watching for file changes with StatReloader
INFO 2025-10-31 00:30:01,621 autoreload 34473 8539578688 /Users/david.galluzzo/source2target-app-v2/backend/mapping/services/databricks_service.py changed, reloading.
INFO 2025-10-31 00:30:01,930 autoreload 36455 8539578688 Watching for file changes with StatReloader
WARNING 2025-10-31 00:30:07,696 databricks_service 36455 8539578688 Databricks credentials not configured
INFO 2025-10-31 00:30:11,949 autoreload 36455 8539578688 /Users/david.galluzzo/source2target-app-v2/backend/mapping/services/databricks_service.py changed, reloading.
INFO 2025-10-31 00:30:12,292 autoreload 36471 8539578688 Watching for file changes with StatReloader
WARNING 2025-10-31 00:30:12,826 databricks_service 36471 8539578688 Databricks credentials not configured
INFO 2025-10-31 00:30:21,267 autoreload 36471 8539578688 /Users/david.galluzzo/source2target-app-v2/backend/mapping/services/databricks_service.py changed, reloading.
INFO 2025-10-31 00:30:21,668 autoreload 36475 8539578688 Watching for file changes with StatReloader
WARNING 2025-10-31 00:30:22,201 databricks_service 36475 8539578688 Databricks credentials not configured
INFO 2025-10-31 00:30:34,841 autoreload 36475 8539578688 /Users/david.galluzzo/source2target-app-v2/backend/mapping/services/databricks_service.py changed, reloading.
INFO 2025-10-31 00:30:35,206 autoreload 36486 8539578688 Watching for file changes with StatReloader
WARNING 2025-10-31 00:30:35,727 databricks_service 36486 8539578688 Databricks credentials not configured
INFO 2025-10-31 00:30:43,123 autoreload 36486 8539578688 /Users/david.galluzzo/source2target-app-v2/backend/mapping/services/databricks_service.py changed, reloading.
INFO 2025-10-31 00:30:43,498 autoreload 36490 8539578688 Watching for file changes with StatReloader
WARNING 2025-10-31 00:30:44,033 databricks_service 36490 8539578688 Databricks credentials not configured
INFO 2025-10-31 00:30:52,453 autoreload 36490 8539578688 /Users/david.galluzzo/source2target-app-v2/backend/mapping/services/databricks_service.py changed, reloading.
INFO 2025-10-31 00:30:52,796 autoreload 36494 8539578688 Watching for file changes with StatReloader
WARNING 2025-10-31 00:30:53,316 databricks_service 36494 8539578688 Databricks credentials not configured
INFO 2025-10-31 00:30:58,619 autoreload 36494 8539578688 /Users/david.galluzzo/source2target-app-v2/backend/mapping/services/databricks_service.py changed, reloading.
INFO 2025-10-31 00:30:58,968 autoreload 36500 8539578688 Watching for file changes with StatReloader
WARNING 2025-10-31 00:30:59,493 databricks_service 36500 8539578688 Databricks credentials not configured
WARNING 2025-10-31 00:31:05,413 databricks_service 36514 8539578688 Databricks credentials not configured
INFO 2025-10-31 00:31:11,614 autoreload 36564 8539578688 Watching for file changes with StatReloader
WARNING 2025-10-31 00:31:12,097 databricks_service 36564 8539578688 Databricks credentials not configured
INFO 2025-10-31 00:31:48,785 autoreload 36500 8539578688 /Users/david.galluzzo/source2target-app-v2/backend/wsgi.py changed, reloading.
INFO 2025-10-31 00:31:49,117 autoreload 36642 8539578688 Watching for file changes with StatReloader
WARNING 2025-10-31 00:31:49,617 databricks_service 36642 8539578688 Databricks credentials not configured
INFO 2025-10-31 00:34:21,081 autoreload 36642 8539578688 /Users/david.galluzzo/source2target-app-v2/backend_env/lib/python3.14/site-packages/pandas/plotting/_misc.py changed, reloading.
INFO 2025-10-31 00:34:21,483 autoreload 37084 8539578688 Watching for file changes with StatReloader
WARNING 2025-10-31 00:34:26,205 databricks_service 37084 8539578688 Databricks credentials not configured
INFO 2025-10-31 00:34:36,717 autoreload 37084 8539578688 /Users/david.galluzzo/source2target-app-v2/backend/settings.py changed, reloading.
INFO 2025-10-31 00:34:37,152 autoreload 37109 8539578688 Watching for file changes with StatReloader
WARNING 2025-10-31 00:34:37,717 databricks_service 37109 8539578688 Databricks credentials not configured
INFO 2025-10-31 00:35:13,341 autoreload 37109 8539578688 /Users/david.galluzzo/source2target-app-v2/backend/mapping/services/databricks_service.py changed, reloading.
INFO 2025-10-31 00:35:13,779 autoreload 37131 8539578688 Watching for file changes with StatReloader
ERROR 2025-10-31 00:35:14,525 databricks_service 37131 8539578688 Failed to initialize Databricks clients: default auth: cannot configure default credentials, please check https://docs.databricks.com/en/dev-tools/auth.html#databricks-client-unified-authentication to configure credentials for your preferred authentication method. Config: host=https://Acuity-oz-test-ue1.cloud.databricks.com
WARNING 2025-10-31 00:35:14,525 databricks_service 37131 8539578688 Databricks integration will not be available
INFO 2025-10-31 00:35:23,991 autoreload 37131 8539578688 /Users/david.galluzzo/source2target-app-v2/backend/mapping/services/databricks_service.py changed, reloading.
INFO 2025-10-31 00:35:24,433 autoreload 37139 8539578688 Watching for file changes with StatReloader
ERROR 2025-10-31 00:35:25,017 databricks_service 37139 8539578688 Failed to initialize Databricks clients: default auth: cannot configure default credentials, please check https://docs.databricks.com/en/dev-tools/auth.html#databricks-client-unified-authentication to configure credentials for your preferred authentication method. Config: host=https://Acuity-oz-test-ue1.cloud.databricks.com
WARNING 2025-10-31 00:35:25,017 databricks_service 37139 8539578688 Databricks integration will not be available
ERROR 2025-10-31 00:35:30,288 databricks_service 37153 8539578688 Failed to initialize Databricks clients: default auth: cannot configure default credentials, please check https://docs.databricks.com/en/dev-tools/auth.html#databricks-client-unified-authentication to configure credentials for your preferred authentication method. Config: host=https://Acuity-oz-test-ue1.cloud.databricks.com
WARNING 2025-10-31 00:35:30,288 databricks_service 37153 8539578688 Databricks integration will not be available
